C:\PROJECTS\CUDA\UDACITY\BLURKERNEL\BLURKERNEL\X64\RELEASE\UTILITIES.OBJ
C:\PROJECTS\CUDA\UDACITY\BLURKERNEL\BLURKERNEL\X64\RELEASE\STDAFX.OBJ
C:\PROJECTS\CUDA\UDACITY\BLURKERNEL\BLURKERNEL\X64\RELEASE\PROGRAM.OBJ
C:\PROJECTS\CUDA\UDACITY\BLURKERNEL\BLURKERNEL\X64\RELEASE\GRAYFILTER.OBJ
C:\PROJECTS\CUDA\UDACITY\BLURKERNEL\BLURKERNEL\X64\RELEASE\GPUTIMER.OBJ
C:\PROJECTS\CUDA\UDACITY\BLURKERNEL\BLURKERNEL\X64\RELEASE\BLURFILTER.OBJ
C:\PROJECTS\CUDA\UDACITY\BLURKERNEL\BLURKERNEL\X64\RELEASE\VC110.PDB
C:\PROJECTS\CUDA\UDACITY\BLURKERNEL\X64\RELEASE\BLURKERNEL.EXE
C:\PROJECTS\CUDA\UDACITY\BLURKERNEL\X64\RELEASE\BLURKERNEL.PDB
C:\Projects\CUDA\Udacity\blurKernel\blurKernel\x64\Release\GaussianBlur.cu.cache
C:\Projects\CUDA\Udacity\blurKernel\blurKernel\x64\Release\RGBAtoGray.cu.cache
C:\Projects\CUDA\Udacity\blurKernel\blurKernel\x64\Release\BlurFilter.obj
C:\Projects\CUDA\Udacity\blurKernel\blurKernel\x64\Release\GaussianBlur.cu.obj
C:\Projects\CUDA\Udacity\blurKernel\blurKernel\x64\Release\GpuTimer.obj
C:\Projects\CUDA\Udacity\blurKernel\blurKernel\x64\Release\GrayFilter.obj
C:\Projects\CUDA\Udacity\blurKernel\blurKernel\x64\Release\Program.obj
C:\Projects\CUDA\Udacity\blurKernel\blurKernel\x64\Release\RGBAtoGray.cu.obj
C:\Projects\CUDA\Udacity\blurKernel\blurKernel\x64\Release\stdafx.obj
C:\Projects\CUDA\Udacity\blurKernel\blurKernel\x64\Release\Utilities.obj
C:\Projects\CUDA\Udacity\blurKernel\blurKernel\x64\Release\cl.command.1.tlog
C:\Projects\CUDA\Udacity\blurKernel\blurKernel\x64\Release\CL.read.1.tlog
C:\Projects\CUDA\Udacity\blurKernel\blurKernel\x64\Release\CL.write.1.tlog
C:\Projects\CUDA\Udacity\blurKernel\blurKernel\x64\Release\link-cvtres.read.1.tlog
C:\Projects\CUDA\Udacity\blurKernel\blurKernel\x64\Release\link-cvtres.write.1.tlog
C:\Projects\CUDA\Udacity\blurKernel\blurKernel\x64\Release\link-rc.read.1.tlog
C:\Projects\CUDA\Udacity\blurKernel\blurKernel\x64\Release\link-rc.write.1.tlog
C:\Projects\CUDA\Udacity\blurKernel\blurKernel\x64\Release\link.command.1.tlog
C:\Projects\CUDA\Udacity\blurKernel\blurKernel\x64\Release\link.read.1.tlog
C:\Projects\CUDA\Udacity\blurKernel\blurKernel\x64\Release\link.write.1.tlog
C:\Projects\CUDA\Udacity\blurKernel\blurKernel\x64\Release\vc110.pdb
C:\Projects\CUDA\Udacity\blurKernel\x64\Release\blurKernel.pdb
C:\Projects\CUDA\Udacity\blurKernel\x64\Release\blurKernel.exe
