Release 14.7 - xst P.20131013 (nt64)
Copyright (c) 1995-2013 Xilinx, Inc.  All rights reserved.
--> Parameter TMPDIR set to xst/projnav.tmp


Total REAL time to Xst completion: 0.00 secs
Total CPU time to Xst completion: 0.38 secs
 
--> Parameter xsthdpdir set to xst


Total REAL time to Xst completion: 0.00 secs
Total CPU time to Xst completion: 0.38 secs
 
--> Reading design: nexys3.prj

TABLE OF CONTENTS
  1) Synthesis Options Summary
  2) HDL Parsing
  3) HDL Elaboration
  4) HDL Synthesis
       4.1) HDL Synthesis Report
  5) Advanced HDL Synthesis
       5.1) Advanced HDL Synthesis Report
  6) Low Level Synthesis
  7) Partition Report
  8) Design Summary
       8.1) Primitive and Black Box Usage
       8.2) Device utilization summary
       8.3) Partition Resource Summary
       8.4) Timing Report
            8.4.1) Clock Information
            8.4.2) Asynchronous Control Signals Information
            8.4.3) Timing Summary
            8.4.4) Timing Details
            8.4.5) Cross Clock Domains Report


=========================================================================
*                      Synthesis Options Summary                        *
=========================================================================
---- Source Parameters
Input File Name                    : "nexys3.prj"
Ignore Synthesis Constraint File   : NO

---- Target Parameters
Output File Name                   : "nexys3"
Output Format                      : NGC
Target Device                      : xc6slx16-3-csg324

---- Source Options
Top Module Name                    : nexys3
Automatic FSM Extraction           : YES
FSM Encoding Algorithm             : Auto
Safe Implementation                : No
FSM Style                          : LUT
RAM Extraction                     : Yes
RAM Style                          : Auto
ROM Extraction                     : Yes
Shift Register Extraction          : YES
ROM Style                          : Auto
Resource Sharing                   : YES
Asynchronous To Synchronous        : NO
Shift Register Minimum Size        : 2
Use DSP Block                      : Auto
Automatic Register Balancing       : No

---- Target Options
LUT Combining                      : Auto
Reduce Control Sets                : Auto
Add IO Buffers                     : YES
Global Maximum Fanout              : 100000
Add Generic Clock Buffer(BUFG)     : 16
Register Duplication               : YES
Optimize Instantiated Primitives   : NO
Use Clock Enable                   : Auto
Use Synchronous Set                : Auto
Use Synchronous Reset              : Auto
Pack IO Registers into IOBs        : Auto
Equivalent register Removal        : YES

---- General Options
Optimization Goal                  : Speed
Optimization Effort                : 1
Power Reduction                    : NO
Keep Hierarchy                     : No
Netlist Hierarchy                  : As_Optimized
RTL Output                         : Yes
Global Optimization                : AllClockNets
Read Cores                         : YES
Write Timing Constraints           : NO
Cross Clock Analysis               : NO
Hierarchy Separator                : /
Bus Delimiter                      : <>
Case Specifier                     : Maintain
Slice Utilization Ratio            : 100
BRAM Utilization Ratio             : 100
DSP48 Utilization Ratio            : 100
Auto BRAM Packing                  : NO
Slice Utilization Ratio Delta      : 5

=========================================================================


=========================================================================
*                          HDL Parsing                                  *
=========================================================================
Analyzing Verilog file "C:\Users\joon8_000\Desktop\School\temp2\seq_mult.v" into library work
Parsing module <seq_mult>.
Parsing verilog file "seq_definitions.v" included at line 8.
Analyzing Verilog file "C:\Users\joon8_000\Desktop\School\temp2\seq_add.v" into library work
Parsing module <seq_add>.
Parsing verilog file "seq_definitions.v" included at line 8.
Analyzing Verilog file "C:\Users\joon8_000\Desktop\School\temp2\uart_fifo.v" into library work
Parsing module <uart_fifo>.
Analyzing Verilog file "C:\Users\joon8_000\Desktop\School\temp2\uart.v" into library work
Parsing module <uart>.
Analyzing Verilog file "C:\Users\joon8_000\Desktop\School\temp2\seq_rf.v" into library work
Parsing module <seq_rf>.
Parsing verilog file "seq_definitions.v" included at line 8.
Analyzing Verilog file "C:\Users\joon8_000\Desktop\School\temp2\seq_alu.v" into library work
Parsing module <seq_alu>.
Parsing verilog file "seq_definitions.v" included at line 7.
Analyzing Verilog file "C:\Users\joon8_000\Desktop\School\temp2\uart_top.v" into library work
Parsing module <uart_top>.
Parsing verilog file "seq_definitions.v" included at line 8.
Analyzing Verilog file "C:\Users\joon8_000\Desktop\School\temp2\seq.v" into library work
Parsing module <seq>.
Parsing verilog file "seq_definitions.v" included at line 8.
Analyzing Verilog file "C:\Users\joon8_000\Desktop\School\temp2\nexys3.v" into library work
Parsing module <nexys3>.
Parsing verilog file "seq_definitions.v" included at line 8.

=========================================================================
*                            HDL Elaboration                            *
=========================================================================

Elaborating module <nexys3>.
WARNING:HDLCompiler:413 - "C:\Users\joon8_000\Desktop\School\temp2\nexys3.v" Line 106: Result of 9-bit expression is truncated to fit in 8-bit target.

Elaborating module <seq>.

Elaborating module <seq_rf>.

Elaborating module <seq_alu>.
WARNING:HDLCompiler:413 - "C:\Users\joon8_000\Desktop\School\temp2\seq_alu.v" Line 32: Result of 84-bit expression is truncated to fit in 80-bit target.

Elaborating module <seq_add>.

Elaborating module <seq_mult>.

Elaborating module <uart_top>.
WARNING:HDLCompiler:413 - "C:\Users\joon8_000\Desktop\School\temp2\uart_top.v" Line 60: Result of 6-bit expression is truncated to fit in 5-bit target.
WARNING:HDLCompiler:413 - "C:\Users\joon8_000\Desktop\School\temp2\uart_top.v" Line 61: Result of 88-bit expression is truncated to fit in 80-bit target.

Elaborating module <uart_fifo>.
WARNING:HDLCompiler:413 - "C:\Users\joon8_000\Desktop\School\temp2\uart_fifo.v" Line 55: Result of 11-bit expression is truncated to fit in 10-bit target.
WARNING:HDLCompiler:413 - "C:\Users\joon8_000\Desktop\School\temp2\uart_fifo.v" Line 61: Result of 32-bit expression is truncated to fit in 10-bit target.

Elaborating module <uart>.
WARNING:HDLCompiler:413 - "C:\Users\joon8_000\Desktop\School\temp2\uart.v" Line 90: Result of 32-bit expression is truncated to fit in 11-bit target.
WARNING:HDLCompiler:413 - "C:\Users\joon8_000\Desktop\School\temp2\uart.v" Line 93: Result of 32-bit expression is truncated to fit in 6-bit target.
WARNING:HDLCompiler:413 - "C:\Users\joon8_000\Desktop\School\temp2\uart.v" Line 95: Result of 32-bit expression is truncated to fit in 11-bit target.
WARNING:HDLCompiler:413 - "C:\Users\joon8_000\Desktop\School\temp2\uart.v" Line 98: Result of 32-bit expression is truncated to fit in 6-bit target.
WARNING:HDLCompiler:413 - "C:\Users\joon8_000\Desktop\School\temp2\uart.v" Line 138: Result of 32-bit expression is truncated to fit in 4-bit target.
WARNING:HDLCompiler:413 - "C:\Users\joon8_000\Desktop\School\temp2\uart.v" Line 139: Result of 32-bit expression is truncated to fit in 3-bit target.
WARNING:HDLCompiler:413 - "C:\Users\joon8_000\Desktop\School\temp2\uart.v" Line 147: Result of 32-bit expression is truncated to fit in 3-bit target.
WARNING:HDLCompiler:413 - "C:\Users\joon8_000\Desktop\School\temp2\uart.v" Line 153: Result of 32-bit expression is truncated to fit in 3-bit target.
WARNING:HDLCompiler:413 - "C:\Users\joon8_000\Desktop\School\temp2\uart.v" Line 192: Result of 32-bit expression is truncated to fit in 4-bit target.
WARNING:HDLCompiler:413 - "C:\Users\joon8_000\Desktop\School\temp2\uart.v" Line 209: Result of 32-bit expression is truncated to fit in 2-bit target.
WARNING:HDLCompiler:1127 - "C:\Users\joon8_000\Desktop\School\temp2\nexys3.v" Line 133: Assignment to uart_rx_data ignored, since the identifier is never used
WARNING:HDLCompiler:1127 - "C:\Users\joon8_000\Desktop\School\temp2\nexys3.v" Line 134: Assignment to uart_rx_valid ignored, since the identifier is never used

=========================================================================
*                           HDL Synthesis                               *
=========================================================================

Synthesizing Unit <nexys3>.
    Related source file is "C:\Users\joon8_000\Desktop\School\temp2\nexys3.v".
        seq_in_width = 8
        seq_op_width = 2
        seq_rn_width = 2
        seq_num_regs = 4
        seq_im_width = 4
        seq_op_push = 2'b00
        seq_op_add = 2'b01
        seq_op_mult = 2'b10
        seq_op_send = 2'b11
        seq_dp_width = 80
        seq_rf_width = 80
        alu_width = 80
        uart_num_nib = 10
INFO:Xst:3210 - "C:\Users\joon8_000\Desktop\School\temp2\nexys3.v" line 130: Output port <o_rx_data> of the instance <uart_top_> is unconnected or connected to loadless signal.
INFO:Xst:3210 - "C:\Users\joon8_000\Desktop\School\temp2\nexys3.v" line 130: Output port <o_rx_valid> of the instance <uart_top_> is unconnected or connected to loadless signal.
    Found 2-bit register for signal <arst_ff>.
    Found 17-bit register for signal <clk_dv>.
    Found 1-bit register for signal <clk_en>.
    Found 1-bit register for signal <clk_en_d>.
    Found 8-bit register for signal <inst_wd>.
    Found 3-bit register for signal <step_d>.
    Found 1-bit register for signal <inst_vld>.
    Found 8-bit register for signal <led>.
    Found 18-bit adder for signal <n0047> created at line 64.
    Found 8-bit adder for signal <inst_cnt[7]_GND_1_o_add_14_OUT> created at line 106.
    Summary:
	inferred   2 Adder/Subtractor(s).
	inferred  41 D-type flip-flop(s).
Unit <nexys3> synthesized.

Synthesizing Unit <seq>.
    Related source file is "C:\Users\joon8_000\Desktop\School\temp2\seq.v".
        seq_in_width = 8
        seq_op_width = 2
        seq_rn_width = 2
        seq_num_regs = 4
        seq_im_width = 4
        seq_op_push = 2'b00
        seq_op_add = 2'b01
        seq_op_mult = 2'b10
        seq_op_send = 2'b11
        seq_dp_width = 80
        seq_rf_width = 80
        alu_width = 80
        uart_num_nib = 10
    Summary:
	inferred   1 Multiplexer(s).
Unit <seq> synthesized.

Synthesizing Unit <seq_rf>.
    Related source file is "C:\Users\joon8_000\Desktop\School\temp2\seq_rf.v".
        seq_in_width = 8
        seq_op_width = 2
        seq_rn_width = 2
        seq_num_regs = 4
        seq_im_width = 4
        seq_op_push = 2'b00
        seq_op_add = 2'b01
        seq_op_mult = 2'b10
        seq_op_send = 2'b11
        seq_dp_width = 80
        seq_rf_width = 80
        alu_width = 80
        uart_num_nib = 10
    Found 320-bit register for signal <n0016[319:0]>.
    Found 80-bit 4-to-1 multiplexer for signal <o_data_a> created at line 35.
    Found 80-bit 4-to-1 multiplexer for signal <o_data_b> created at line 36.
    Summary:
	inferred 320 D-type flip-flop(s).
	inferred   6 Multiplexer(s).
Unit <seq_rf> synthesized.

Synthesizing Unit <seq_alu>.
    Related source file is "C:\Users\joon8_000\Desktop\School\temp2\seq_alu.v".
        seq_in_width = 8
        seq_op_width = 2
        seq_rn_width = 2
        seq_num_regs = 4
        seq_im_width = 4
        seq_op_push = 2'b00
        seq_op_add = 2'b01
        seq_op_mult = 2'b10
        seq_op_send = 2'b11
        seq_dp_width = 80
        seq_rf_width = 80
        alu_width = 80
        uart_num_nib = 10
    Found 80-bit 4-to-1 multiplexer for signal <o_data> created at line 31.
    Found 1-bit 4-to-1 multiplexer for signal <o_valid> created at line 39.
    Summary:
	inferred   2 Multiplexer(s).
Unit <seq_alu> synthesized.

Synthesizing Unit <seq_add>.
    Related source file is "C:\Users\joon8_000\Desktop\School\temp2\seq_add.v".
        seq_in_width = 8
        seq_op_width = 2
        seq_rn_width = 2
        seq_num_regs = 4
        seq_im_width = 4
        seq_op_push = 2'b00
        seq_op_add = 2'b01
        seq_op_mult = 2'b10
        seq_op_send = 2'b11
        seq_dp_width = 80
        seq_rf_width = 80
        alu_width = 80
        uart_num_nib = 10
WARNING:Xst:647 - Input <clk> is never used. This port will be preserved and left unconnected if it belongs to a top-level block or it belongs to a sub-block and the hierarchy of this sub-block is preserved.
WARNING:Xst:647 - Input <rst> is never used. This port will be preserved and left unconnected if it belongs to a top-level block or it belongs to a sub-block and the hierarchy of this sub-block is preserved.
    Found 80-bit adder for signal <o_data> created at line 21.
    Summary:
	inferred   1 Adder/Subtractor(s).
Unit <seq_add> synthesized.

Synthesizing Unit <seq_mult>.
    Related source file is "C:\Users\joon8_000\Desktop\School\temp2\seq_mult.v".
        seq_in_width = 8
        seq_op_width = 2
        seq_rn_width = 2
        seq_num_regs = 4
        seq_im_width = 4
        seq_op_push = 2'b00
        seq_op_add = 2'b01
        seq_op_mult = 2'b10
        seq_op_send = 2'b11
        seq_dp_width = 80
        seq_rf_width = 80
        alu_width = 80
        uart_num_nib = 10
WARNING:Xst:647 - Input <clk> is never used. This port will be preserved and left unconnected if it belongs to a top-level block or it belongs to a sub-block and the hierarchy of this sub-block is preserved.
WARNING:Xst:647 - Input <rst> is never used. This port will be preserved and left unconnected if it belongs to a top-level block or it belongs to a sub-block and the hierarchy of this sub-block is preserved.
    Found 80x80-bit multiplier for signal <n0002> created at line 21.
    Summary:
	inferred   1 Multiplier(s).
Unit <seq_mult> synthesized.

Synthesizing Unit <uart_top>.
    Related source file is "C:\Users\joon8_000\Desktop\School\temp2\uart_top.v".
        seq_in_width = 8
        seq_op_width = 2
        seq_rn_width = 2
        seq_num_regs = 4
        seq_im_width = 4
        seq_op_push = 2'b00
        seq_op_add = 2'b01
        seq_op_mult = 2'b10
        seq_op_send = 2'b11
        seq_dp_width = 80
        seq_rf_width = 80
        alu_width = 80
        uart_num_nib = 10
        stIdle = 0
        stNib1 = 1
        stNL = 11
        stCR = 12
INFO:Xst:3210 - "C:\Users\joon8_000\Desktop\School\temp2\uart_top.v" line 123: Output port <fifo_cnt> of the instance <tfifo_> is unconnected or connected to loadless signal.
INFO:Xst:3210 - "C:\Users\joon8_000\Desktop\School\temp2\uart_top.v" line 143: Output port <is_receiving> of the instance <uart_> is unconnected or connected to loadless signal.
INFO:Xst:3210 - "C:\Users\joon8_000\Desktop\School\temp2\uart_top.v" line 143: Output port <recv_error> of the instance <uart_> is unconnected or connected to loadless signal.
    Found 80-bit register for signal <tx_data>.
    Found 1-bit register for signal <tfifo_rd_z>.
    Found 5-bit register for signal <state>.
    Found 5-bit adder for signal <state[4]_GND_8_o_add_4_OUT> created at line 60.
    Found 64x8-bit Read Only RAM for signal <_n0170>
    Summary:
	inferred   1 RAM(s).
	inferred   1 Adder/Subtractor(s).
	inferred  86 D-type flip-flop(s).
	inferred   6 Multiplexer(s).
Unit <uart_top> synthesized.

Synthesizing Unit <uart_fifo>.
    Related source file is "C:\Users\joon8_000\Desktop\School\temp2\uart_fifo.v".
        size = 1024
        sizew = 10
    Set property "ram_style = block" for signal <mem>.
    Found 1024x8-bit dual-port RAM <Mram_mem> for signal <mem>.
    Found 10-bit register for signal <rp>.
    Found 10-bit register for signal <fifo_cnt>.
    Found 1-bit register for signal <fifo_full>.
    Found 1-bit register for signal <fifo_empty>.
    Found 8-bit register for signal <fifo_out>.
    Found 10-bit register for signal <wp>.
    Found 10-bit adder for signal <wp[9]_GND_9_o_add_1_OUT> created at line 50.
    Found 10-bit adder for signal <rp[9]_GND_9_o_add_2_OUT> created at line 51.
    Found 10-bit adder for signal <fifo_cnt[9]_GND_9_o_add_3_OUT> created at line 55.
    Found 10-bit subtractor for signal <GND_9_o_GND_9_o_sub_6_OUT<9:0>> created at line 61.
    Summary:
	inferred   1 RAM(s).
	inferred   4 Adder/Subtractor(s).
	inferred  40 D-type flip-flop(s).
Unit <uart_fifo> synthesized.

Synthesizing Unit <uart>.
    Related source file is "C:\Users\joon8_000\Desktop\School\temp2\uart.v".
        CLOCK_DIVIDE = 25
        RX_IDLE = 0
        RX_CHECK_START = 1
        RX_READ_BITS = 2
        RX_CHECK_STOP = 3
        RX_DELAY_RESTART = 4
        RX_ERROR = 5
        RX_RECEIVED = 6
        TX_IDLE = 0
        TX_SENDING = 1
        TX_DELAY_RESTART = 2
    Found 2-bit register for signal <tx_state>.
    Found 11-bit register for signal <rx_clk_divider>.
    Found 6-bit register for signal <rx_countdown>.
    Found 11-bit register for signal <tx_clk_divider>.
    Found 6-bit register for signal <tx_countdown>.
    Found 8-bit register for signal <rx_data>.
    Found 4-bit register for signal <rx_bits_remaining>.
    Found 4-bit register for signal <tx_bits_remaining>.
    Found 1-bit register for signal <tx_out>.
    Found 8-bit register for signal <tx_data>.
    Found 3-bit register for signal <recv_state>.
    Found 11-bit subtractor for signal <GND_10_o_GND_10_o_sub_9_OUT<10:0>> created at line 90.
    Found 6-bit subtractor for signal <GND_10_o_GND_10_o_sub_11_OUT<5:0>> created at line 93.
    Found 11-bit subtractor for signal <GND_10_o_GND_10_o_sub_14_OUT<10:0>> created at line 95.
    Found 6-bit subtractor for signal <GND_10_o_GND_10_o_sub_16_OUT<5:0>> created at line 98.
    Found 4-bit subtractor for signal <GND_10_o_GND_10_o_sub_30_OUT<3:0>> created at line 138.
    Found 4-bit subtractor for signal <GND_10_o_GND_10_o_sub_54_OUT<3:0>> created at line 192.
    Found 3-bit 8-to-1 multiplexer for signal <recv_state[2]_recv_state[2]_wide_mux_41_OUT> created at line 102.
    Found 6-bit 7-to-1 multiplexer for signal <recv_state[2]_rx_countdown[5]_wide_mux_42_OUT> created at line 102.
    Found 2-bit 4-to-1 multiplexer for signal <tx_state[1]_tx_state[1]_wide_mux_64_OUT> created at line 173.
    Found 6-bit 3-to-1 multiplexer for signal <tx_state[1]_tx_countdown[5]_wide_mux_68_OUT> created at line 173.
    Summary:
	inferred   6 Adder/Subtractor(s).
	inferred  64 D-type flip-flop(s).
	inferred  31 Multiplexer(s).
Unit <uart> synthesized.

=========================================================================
HDL Synthesis Report

Macro Statistics
# RAMs                                                 : 2
 1024x8-bit dual-port RAM                              : 1
 64x8-bit single-port Read Only RAM                    : 1
# Multipliers                                          : 1
 80x80-bit multiplier                                  : 1
# Adders/Subtractors                                   : 14
 10-bit adder                                          : 3
 10-bit subtractor                                     : 1
 11-bit subtractor                                     : 2
 18-bit adder                                          : 1
 4-bit subtractor                                      : 2
 5-bit adder                                           : 1
 6-bit subtractor                                      : 2
 8-bit adder                                           : 1
 80-bit adder                                          : 1
# Registers                                            : 28
 1-bit register                                        : 6
 10-bit register                                       : 3
 11-bit register                                       : 2
 18-bit register                                       : 1
 2-bit register                                        : 2
 3-bit register                                        : 2
 320-bit register                                      : 1
 4-bit register                                        : 2
 5-bit register                                        : 1
 6-bit register                                        : 2
 8-bit register                                        : 5
 80-bit register                                       : 1
# Multiplexers                                         : 46
 1-bit 2-to-1 multiplexer                              : 2
 1-bit 4-to-1 multiplexer                              : 1
 11-bit 2-to-1 multiplexer                             : 6
 2-bit 2-to-1 multiplexer                              : 4
 2-bit 4-to-1 multiplexer                              : 1
 3-bit 2-to-1 multiplexer                              : 5
 3-bit 8-to-1 multiplexer                              : 1
 4-bit 2-to-1 multiplexer                              : 2
 5-bit 2-to-1 multiplexer                              : 3
 6-bit 2-to-1 multiplexer                              : 8
 6-bit 3-to-1 multiplexer                              : 1
 6-bit 7-to-1 multiplexer                              : 1
 8-bit 2-to-1 multiplexer                              : 2
 80-bit 2-to-1 multiplexer                             : 6
 80-bit 4-to-1 multiplexer                             : 3

=========================================================================

=========================================================================
*                       Advanced HDL Synthesis                          *
=========================================================================


Synthesizing (advanced) Unit <nexys3>.
The following registers are absorbed into counter <inst_cnt>: 1 register on signal <inst_cnt>.
Unit <nexys3> synthesized (advanced).

Synthesizing (advanced) Unit <uart>.
The following registers are absorbed into counter <tx_bits_remaining>: 1 register on signal <tx_bits_remaining>.
Unit <uart> synthesized (advanced).

Synthesizing (advanced) Unit <uart_fifo>.
The following registers are absorbed into accumulator <rp>: 1 register on signal <rp>.
The following registers are absorbed into accumulator <wp>: 1 register on signal <wp>.
INFO:Xst:3226 - The RAM <Mram_mem> will be implemented as a BLOCK RAM, absorbing the following register(s): <fifo_out>
    -----------------------------------------------------------------------
    | ram_type           | Block                               |          |
    -----------------------------------------------------------------------
    | Port A                                                              |
    |     aspect ratio   | 1024-word x 8-bit                   |          |
    |     mode           | read-first                          |          |
    |     clkA           | connected to signal <clk>           | rise     |
    |     weA            | connected to signal <wr>            | high     |
    |     addrA          | connected to signal <wp>            |          |
    |     diA            | connected to signal <fifo_in>       |          |
    -----------------------------------------------------------------------
    | optimization       | speed                               |          |
    -----------------------------------------------------------------------
    | Port B                                                              |
    |     aspect ratio   | 1024-word x 8-bit                   |          |
    |     mode           | write-first                         |          |
    |     clkB           | connected to signal <clk>           | rise     |
    |     addrB          | connected to signal <rp>            |          |
    |     doB            | connected to signal <fifo_out>      |          |
    -----------------------------------------------------------------------
    | optimization       | speed                               |          |
    -----------------------------------------------------------------------
Unit <uart_fifo> synthesized (advanced).

Synthesizing (advanced) Unit <uart_top>.
INFO:Xst:3231 - The small RAM <Mram__n0170> will be implemented on LUTs in order to maximize performance and save block RAM resources. If you want to force its implementation on block, use option/constraint ram_style.
    -----------------------------------------------------------------------
    | ram_type           | Distributed                         |          |
    -----------------------------------------------------------------------
    | Port A                                                              |
    |     aspect ratio   | 64-word x 8-bit                     |          |
    |     weA            | connected to signal <GND>           | high     |
    |     addrA          | connected to signal <tx_data<77:72>> |          |
    |     diA            | connected to signal <GND>           |          |
    |     doA            | connected to internal node          |          |
    -----------------------------------------------------------------------
Unit <uart_top> synthesized (advanced).

=========================================================================
Advanced HDL Synthesis Report

Macro Statistics
# RAMs                                                 : 2
 1024x8-bit dual-port block RAM                        : 1
 64x8-bit single-port distributed Read Only RAM        : 1
# Multipliers                                          : 1
 80x80-bit multiplier                                  : 1
# Adders/Subtractors                                   : 10
 10-bit adder                                          : 1
 10-bit subtractor                                     : 1
 11-bit subtractor                                     : 2
 18-bit adder                                          : 1
 4-bit subtractor                                      : 1
 5-bit adder                                           : 1
 6-bit subtractor                                      : 2
 80-bit adder                                          : 1
# Counters                                             : 2
 4-bit down counter                                    : 1
 8-bit up counter                                      : 1
# Accumulators                                         : 2
 10-bit up accumulator                                 : 2
# Registers                                            : 511
 Flip-Flops                                            : 511
# Multiplexers                                         : 55
 1-bit 2-to-1 multiplexer                              : 14
 1-bit 4-to-1 multiplexer                              : 1
 11-bit 2-to-1 multiplexer                             : 6
 2-bit 2-to-1 multiplexer                              : 4
 2-bit 4-to-1 multiplexer                              : 1
 3-bit 2-to-1 multiplexer                              : 5
 3-bit 8-to-1 multiplexer                              : 1
 4-bit 2-to-1 multiplexer                              : 1
 5-bit 2-to-1 multiplexer                              : 3
 6-bit 2-to-1 multiplexer                              : 6
 6-bit 3-to-1 multiplexer                              : 1
 6-bit 7-to-1 multiplexer                              : 1
 8-bit 2-to-1 multiplexer                              : 2
 80-bit 2-to-1 multiplexer                             : 6
 80-bit 4-to-1 multiplexer                             : 3

=========================================================================

=========================================================================
*                         Low Level Synthesis                           *
=========================================================================
WARNING:Xst:2677 - Node <alu_/mult_/Mmult_n0002_submult_21> of sequential type is unconnected in block <seq>.
WARNING:Xst:2677 - Node <alu_/mult_/Mmult_n0002_submult_61> of sequential type is unconnected in block <seq>.
WARNING:Xst:2677 - Node <alu_/mult_/Mmult_n0002_submult_41> of sequential type is unconnected in block <seq>.
WARNING:Xst:2677 - Node <alu_/mult_/Mmult_n0002_submult_42> of sequential type is unconnected in block <seq>.
WARNING:Xst:2677 - Node <alu_/mult_/Mmult_n0002_submult_43> of sequential type is unconnected in block <seq>.
WARNING:Xst:2677 - Node <alu_/mult_/Mmult_n0002_submult_5> of sequential type is unconnected in block <seq>.
WARNING:Xst:2677 - Node <alu_/mult_/Mmult_n0002_submult_51> of sequential type is unconnected in block <seq>.
WARNING:Xst:2677 - Node <alu_/mult_/Mmult_n0002_submult_7> of sequential type is unconnected in block <seq>.
WARNING:Xst:2677 - Node <alu_/mult_/Mmult_n0002_submult_71> of sequential type is unconnected in block <seq>.
WARNING:Xst:2677 - Node <alu_/mult_/Mmult_n0002_submult_8> of sequential type is unconnected in block <seq>.

Optimizing unit <nexys3> ...

Optimizing unit <uart_top> ...

Optimizing unit <uart> ...

Optimizing unit <uart_fifo> ...

Optimizing unit <seq> ...

Optimizing unit <seq_rf> ...
WARNING:Xst:2677 - Node <uart_top_/uart_/rx_bits_remaining_3> of sequential type is unconnected in block <nexys3>.
WARNING:Xst:2677 - Node <uart_top_/uart_/rx_bits_remaining_2> of sequential type is unconnected in block <nexys3>.
WARNING:Xst:2677 - Node <uart_top_/uart_/rx_bits_remaining_1> of sequential type is unconnected in block <nexys3>.
WARNING:Xst:2677 - Node <uart_top_/uart_/rx_bits_remaining_0> of sequential type is unconnected in block <nexys3>.
WARNING:Xst:2677 - Node <uart_top_/uart_/rx_countdown_5> of sequential type is unconnected in block <nexys3>.
WARNING:Xst:2677 - Node <uart_top_/uart_/rx_countdown_4> of sequential type is unconnected in block <nexys3>.
WARNING:Xst:2677 - Node <uart_top_/uart_/rx_countdown_3> of sequential type is unconnected in block <nexys3>.
WARNING:Xst:2677 - Node <uart_top_/uart_/rx_countdown_2> of sequential type is unconnected in block <nexys3>.
WARNING:Xst:2677 - Node <uart_top_/uart_/rx_countdown_1> of sequential type is unconnected in block <nexys3>.
WARNING:Xst:2677 - Node <uart_top_/uart_/rx_countdown_0> of sequential type is unconnected in block <nexys3>.
WARNING:Xst:2677 - Node <uart_top_/uart_/rx_clk_divider_10> of sequential type is unconnected in block <nexys3>.
WARNING:Xst:2677 - Node <uart_top_/uart_/rx_clk_divider_9> of sequential type is unconnected in block <nexys3>.
WARNING:Xst:2677 - Node <uart_top_/uart_/rx_clk_divider_8> of sequential type is unconnected in block <nexys3>.
WARNING:Xst:2677 - Node <uart_top_/uart_/rx_clk_divider_7> of sequential type is unconnected in block <nexys3>.
WARNING:Xst:2677 - Node <uart_top_/uart_/rx_clk_divider_6> of sequential type is unconnected in block <nexys3>.
WARNING:Xst:2677 - Node <uart_top_/uart_/rx_clk_divider_5> of sequential type is unconnected in block <nexys3>.
WARNING:Xst:2677 - Node <uart_top_/uart_/rx_clk_divider_4> of sequential type is unconnected in block <nexys3>.
WARNING:Xst:2677 - Node <uart_top_/uart_/rx_clk_divider_3> of sequential type is unconnected in block <nexys3>.
WARNING:Xst:2677 - Node <uart_top_/uart_/rx_clk_divider_2> of sequential type is unconnected in block <nexys3>.
WARNING:Xst:2677 - Node <uart_top_/uart_/rx_clk_divider_1> of sequential type is unconnected in block <nexys3>.
WARNING:Xst:2677 - Node <uart_top_/uart_/rx_clk_divider_0> of sequential type is unconnected in block <nexys3>.
WARNING:Xst:2677 - Node <uart_top_/uart_/recv_state_2> of sequential type is unconnected in block <nexys3>.
WARNING:Xst:2677 - Node <uart_top_/uart_/recv_state_1> of sequential type is unconnected in block <nexys3>.
WARNING:Xst:2677 - Node <uart_top_/uart_/recv_state_0> of sequential type is unconnected in block <nexys3>.
WARNING:Xst:2677 - Node <uart_top_/uart_/rx_data_7> of sequential type is unconnected in block <nexys3>.
WARNING:Xst:2677 - Node <uart_top_/uart_/rx_data_6> of sequential type is unconnected in block <nexys3>.
WARNING:Xst:2677 - Node <uart_top_/uart_/rx_data_5> of sequential type is unconnected in block <nexys3>.
WARNING:Xst:2677 - Node <uart_top_/uart_/rx_data_4> of sequential type is unconnected in block <nexys3>.
WARNING:Xst:2677 - Node <uart_top_/uart_/rx_data_3> of sequential type is unconnected in block <nexys3>.
WARNING:Xst:2677 - Node <uart_top_/uart_/rx_data_2> of sequential type is unconnected in block <nexys3>.
WARNING:Xst:2677 - Node <uart_top_/uart_/rx_data_1> of sequential type is unconnected in block <nexys3>.
WARNING:Xst:2677 - Node <uart_top_/uart_/rx_data_0> of sequential type is unconnected in block <nexys3>.
WARNING:Xst:1710 - FF/Latch <uart_top_/state_4> (without init value) has a constant value of 0 in block <nexys3>. This FF/Latch will be trimmed during the optimization process.
WARNING:Xst:1896 - Due to other FF/Latch trimming, FF/Latch <uart_top_/uart_/tx_clk_divider_10> has a constant value of 0 in block <nexys3>. This FF/Latch will be trimmed during the optimization process.
WARNING:Xst:1896 - Due to other FF/Latch trimming, FF/Latch <uart_top_/uart_/tx_clk_divider_9> has a constant value of 0 in block <nexys3>. This FF/Latch will be trimmed during the optimization process.
WARNING:Xst:1896 - Due to other FF/Latch trimming, FF/Latch <uart_top_/uart_/tx_clk_divider_8> has a constant value of 0 in block <nexys3>. This FF/Latch will be trimmed during the optimization process.
WARNING:Xst:1896 - Due to other FF/Latch trimming, FF/Latch <uart_top_/uart_/tx_clk_divider_7> has a constant value of 0 in block <nexys3>. This FF/Latch will be trimmed during the optimization process.
WARNING:Xst:1896 - Due to other FF/Latch trimming, FF/Latch <uart_top_/uart_/tx_clk_divider_6> has a constant value of 0 in block <nexys3>. This FF/Latch will be trimmed during the optimization process.
WARNING:Xst:1896 - Due to other FF/Latch trimming, FF/Latch <uart_top_/uart_/tx_clk_divider_5> has a constant value of 0 in block <nexys3>. This FF/Latch will be trimmed during the optimization process.

Mapping all equations...
Building and optimizing final netlist ...
Found area constraint ratio of 100 (+ 5) on block nexys3, actual ratio is 13.
FlipFlop inst_wd_2 has been replicated 2 time(s)
INFO:Xst:1843 - HDL ADVISOR - FlipFlop inst_wd_2 connected to a primary input has been replicated
FlipFlop inst_wd_3 has been replicated 2 time(s)
INFO:Xst:1843 - HDL ADVISOR - FlipFlop inst_wd_3 connected to a primary input has been replicated
FlipFlop inst_wd_4 has been replicated 2 time(s)
INFO:Xst:1843 - HDL ADVISOR - FlipFlop inst_wd_4 connected to a primary input has been replicated
FlipFlop inst_wd_5 has been replicated 2 time(s)
INFO:Xst:1843 - HDL ADVISOR - FlipFlop inst_wd_5 connected to a primary input has been replicated

Final Macro Processing ...

=========================================================================
Final Register Report

Macro Statistics
# Registers                                            : 512
 Flip-Flops                                            : 512

=========================================================================

=========================================================================
*                           Partition Report                            *
=========================================================================

Partition Implementation Status
-------------------------------

  No Partitions were found in this design.

-------------------------------

=========================================================================
*                            Design Summary                             *
=========================================================================

Top Level Output File Name         : nexys3.ngc

Primitive and Black Box Usage:
------------------------------
# BELS                             : 1532
#      GND                         : 1
#      INV                         : 3
#      LUT1                        : 23
#      LUT2                        : 201
#      LUT3                        : 81
#      LUT4                        : 175
#      LUT5                        : 113
#      LUT6                        : 498
#      MUXCY                       : 215
#      VCC                         : 1
#      XORCY                       : 221
# FlipFlops/Latches                : 512
#      FD                          : 13
#      FDE                         : 93
#      FDP                         : 2
#      FDR                         : 56
#      FDRE                        : 347
#      FDS                         : 1
# RAMS                             : 1
#      RAMB8BWER                   : 1
# Clock Buffers                    : 1
#      BUFGP                       : 1
# IO Buffers                       : 19
#      IBUF                        : 10
#      OBUF                        : 9
# DSPs                             : 15
#      DSP48A1                     : 15

Device utilization summary:
---------------------------

Selected Device : 6slx16csg324-3 


Slice Logic Utilization: 
 Number of Slice Registers:             512  out of  18224     2%  
 Number of Slice LUTs:                 1094  out of   9112    12%  
    Number used as Logic:              1094  out of   9112    12%  

Slice Logic Distribution: 
 Number of LUT Flip Flop pairs used:   1178
   Number with an unused Flip Flop:     666  out of   1178    56%  
   Number with an unused LUT:            84  out of   1178     7%  
   Number of fully used LUT-FF pairs:   428  out of   1178    36%  
   Number of unique control sets:         9

IO Utilization: 
 Number of IOs:                          21
 Number of bonded IOBs:                  20  out of    232     8%  

Specific Feature Utilization:
 Number of Block RAM/FIFO:                1  out of     32     3%  
    Number using Block RAM only:          1
 Number of BUFG/BUFGCTRLs:                1  out of     16     6%  
 Number of DSP48A1s:                     15  out of     32    46%  

---------------------------
Partition Resource Summary:
---------------------------

  No Partitions were found in this design.

---------------------------


=========================================================================
Timing Report

NOTE: THESE TIMING NUMBERS ARE ONLY A SYNTHESIS ESTIMATE.
      FOR ACCURATE TIMING INFORMATION PLEASE REFER TO THE TRACE REPORT
      GENERATED AFTER PLACE-and-ROUTE.

Clock Information:
------------------
-----------------------------------+------------------------+-------+
Clock Signal                       | Clock buffer(FF name)  | Load  |
-----------------------------------+------------------------+-------+
clk                                | BUFGP                  | 513   |
-----------------------------------+------------------------+-------+

Asynchronous Control Signals Information:
----------------------------------------
No asynchronous control signals found in this design

Timing Summary:
---------------
Speed Grade: -3

   Minimum period: 21.558ns (Maximum Frequency: 46.386MHz)
   Minimum input arrival time before clock: 2.268ns
   Maximum output required time after clock: 3.634ns
   Maximum combinational path delay: No path found

Timing Details:
---------------
All values displayed in nanoseconds (ns)

=========================================================================
Timing constraint: Default period analysis for Clock 'clk'
  Clock period: 21.558ns (frequency: 46.386MHz)
  Total number of paths / destination ports: 4038806188156 / 1367
-------------------------------------------------------------------------
Delay:               21.558ns (Levels of Logic = 23)
  Source:            inst_wd_5_1 (FF)
  Destination:       seq_/rf_/rf_3_319 (FF)
  Source Clock:      clk rising
  Destination Clock: clk rising

  Data Path: inst_wd_5_1 to seq_/rf_/rf_3_319
                                Gate     Net
    Cell:in->out      fanout   Delay   Delay  Logical Name (Net Name)
    ----------------------------------------  ------------
     FDRE:C->Q            18   0.447   1.154  inst_wd_5_1 (inst_wd_5_1)
     LUT6:I4->O            8   0.203   0.802  seq_/rf_/Mmux_o_data_a281 (seq_tx_data<34>)
     DSP48A1:A0->P47      18   4.560   1.049  seq_/alu_/mult_/Mmult_n0002_submult_3 (seq_/alu_/mult_/Mmult_n0002_submult_3_P47_to_alu_/mult_/Mmult_n0002_submult_31)
     DSP48A1:C30->PCOUT47    1   2.689   0.000  seq_/alu_/mult_/Mmult_n0002_submult_31 (seq_/alu_/mult_/Mmult_n0002_submult_31_PCOUT_to_alu_/mult_/Mmult_n0002_submult_32_PCIN_47)
     DSP48A1:PCIN47->P47   18   2.264   1.049  seq_/alu_/mult_/Mmult_n0002_submult_32 (seq_/alu_/mult_/Mmult_n0002_submult_32_P47_to_alu_/mult_/Mmult_n0002_submult_33)
     DSP48A1:C30->P0       1   2.687   0.580  seq_/alu_/mult_/Mmult_n0002_submult_33 (seq_/alu_/mult_/Mmult_n0002_submult_3_34)
     LUT2:I1->O            1   0.205   0.000  seq_/alu_/mult_/Mmult_n0002_Madd1_lut<36> (seq_/alu_/mult_/Mmult_n0002_Madd1_lut<36>)
     MUXCY:S->O            1   0.172   0.000  seq_/alu_/mult_/Mmult_n0002_Madd1_cy<36> (seq_/alu_/mult_/Mmult_n0002_Madd1_cy<36>)
     MUXCY:CI->O           1   0.019   0.000  seq_/alu_/mult_/Mmult_n0002_Madd1_cy<37> (seq_/alu_/mult_/Mmult_n0002_Madd1_cy<37>)
     MUXCY:CI->O           1   0.019   0.000  seq_/alu_/mult_/Mmult_n0002_Madd1_cy<38> (seq_/alu_/mult_/Mmult_n0002_Madd1_cy<38>)
     MUXCY:CI->O           1   0.019   0.000  seq_/alu_/mult_/Mmult_n0002_Madd1_cy<39> (seq_/alu_/mult_/Mmult_n0002_Madd1_cy<39>)
     MUXCY:CI->O           1   0.019   0.000  seq_/alu_/mult_/Mmult_n0002_Madd1_cy<40> (seq_/alu_/mult_/Mmult_n0002_Madd1_cy<40>)
     MUXCY:CI->O           1   0.019   0.000  seq_/alu_/mult_/Mmult_n0002_Madd1_cy<41> (seq_/alu_/mult_/Mmult_n0002_Madd1_cy<41>)
     MUXCY:CI->O           1   0.019   0.000  seq_/alu_/mult_/Mmult_n0002_Madd1_cy<42> (seq_/alu_/mult_/Mmult_n0002_Madd1_cy<42>)
     MUXCY:CI->O           1   0.019   0.000  seq_/alu_/mult_/Mmult_n0002_Madd1_cy<43> (seq_/alu_/mult_/Mmult_n0002_Madd1_cy<43>)
     MUXCY:CI->O           1   0.019   0.000  seq_/alu_/mult_/Mmult_n0002_Madd1_cy<44> (seq_/alu_/mult_/Mmult_n0002_Madd1_cy<44>)
     XORCY:CI->O           1   0.180   0.684  seq_/alu_/mult_/Mmult_n0002_Madd1_xor<45> (seq_/alu_/mult_/Mmult_n0002_Madd_771)
     LUT2:I0->O            1   0.203   0.000  seq_/alu_/mult_/Mmult_n0002_Madd2_lut<77> (seq_/alu_/mult_/Mmult_n0002_Madd2_lut<77>)
     MUXCY:S->O            1   0.172   0.000  seq_/alu_/mult_/Mmult_n0002_Madd2_cy<77> (seq_/alu_/mult_/Mmult_n0002_Madd2_cy<77>)
     XORCY:CI->O           1   0.180   0.580  seq_/alu_/mult_/Mmult_n0002_Madd2_xor<78> (seq_/alu_/mult_/Mmult_n0002_Madd_782)
     LUT2:I1->O            1   0.205   0.000  seq_/alu_/mult_/Mmult_n0002_Madd3_lut<78> (seq_/alu_/mult_/Mmult_n0002_Madd3_lut<78>)
     MUXCY:S->O            0   0.172   0.000  seq_/alu_/mult_/Mmult_n0002_Madd3_cy<78> (seq_/alu_/mult_/Mmult_n0002_Madd3_cy<78>)
     XORCY:CI->O           4   0.180   0.684  seq_/alu_/mult_/Mmult_n0002_Madd3_xor<79> (seq_/alu_/mult_data<79>)
     LUT6:I5->O            1   0.205   0.000  seq_/rf_/Mmux_rf[0][79]_i_wdata[79]_mux_5_OUT771 (seq_/rf_/rf[0][79]_i_wdata[79]_mux_5_OUT<79>)
     FDRE:D                    0.102          seq_/rf_/rf_3_319
    ----------------------------------------
    Total                     21.558ns (14.978ns logic, 6.580ns route)
                                       (69.5% logic, 30.5% route)

=========================================================================
Timing constraint: Default OFFSET IN BEFORE for Clock 'clk'
  Total number of paths / destination ports: 19 / 19
-------------------------------------------------------------------------
Offset:              2.268ns (Levels of Logic = 1)
  Source:            btnR (PAD)
  Destination:       arst_ff_0 (FF)
  Destination Clock: clk rising

  Data Path: btnR to arst_ff_0
                                Gate     Net
    Cell:in->out      fanout   Delay   Delay  Logical Name (Net Name)
    ----------------------------------------  ------------
     IBUF:I->O             2   1.222   0.616  btnR_IBUF (btnR_IBUF)
     FDP:PRE                   0.430          arst_ff_0
    ----------------------------------------
    Total                      2.268ns (1.652ns logic, 0.616ns route)
                                       (72.8% logic, 27.2% route)

=========================================================================
Timing constraint: Default OFFSET OUT AFTER for Clock 'clk'
  Total number of paths / destination ports: 9 / 9
-------------------------------------------------------------------------
Offset:              3.634ns (Levels of Logic = 1)
  Source:            inst_cnt_7 (FF)
  Destination:       led<7> (PAD)
  Source Clock:      clk rising

  Data Path: inst_cnt_7 to led<7>
                                Gate     Net
    Cell:in->out      fanout   Delay   Delay  Logical Name (Net Name)
    ----------------------------------------  ------------
     FDRE:C->Q             2   0.447   0.616  inst_cnt_7 (inst_cnt_7)
     OBUF:I->O                 2.571          led_7_OBUF (led<7>)
    ----------------------------------------
    Total                      3.634ns (3.018ns logic, 0.616ns route)
                                       (83.0% logic, 17.0% route)

=========================================================================

Cross Clock Domains Report:
--------------------------

Clock to Setup on destination clock clk
---------------+---------+---------+---------+---------+
               | Src:Rise| Src:Fall| Src:Rise| Src:Fall|
Source Clock   |Dest:Rise|Dest:Rise|Dest:Fall|Dest:Fall|
---------------+---------+---------+---------+---------+
clk            |   21.558|         |         |         |
---------------+---------+---------+---------+---------+

=========================================================================


Total REAL time to Xst completion: 15.00 secs
Total CPU time to Xst completion: 14.54 secs
 
--> 

Total memory usage is 256136 kilobytes

Number of errors   :    0 (   0 filtered)
Number of warnings :   71 (   0 filtered)
Number of infos    :   11 (   0 filtered)

